{"/Users/smile/Coding/vue-study/vitest-vue3/src/components/Demo1/index.vue": {"path":"/Users/smile/Coding/vue-study/vitest-vue3/src/components/Demo1/index.vue","statementMap":{"0":{"start":{"line":9,"column":14},"end":{"line":9,"column":null}},"1":{"start":{"line":11,"column":14},"end":{"line":11,"column":null}},"2":{"start":{"line":12,"column":15},"end":{"line":12,"column":null}},"3":{"start":{"line":12,"column":30},"end":{"line":12,"column":55}},"4":{"start":{"line":14,"column":0},"end":{"line":14,"column":null}},"5":{"start":{"line":3,"column":18},"end":{"line":3,"column":30}}},"fnMap":{"0":{"name":"(anonymous_1)","decl":{"start":{"line":12,"column":24},"end":{"line":12,"column":30}},"loc":{"start":{"line":12,"column":30},"end":{"line":12,"column":55}}},"1":{"name":"(anonymous_3)","decl":{"start":{"line":3,"column":16},"end":{"line":3,"column":18}},"loc":{"start":{"line":3,"column":18},"end":{"line":3,"column":30}}}},"branchMap":{"0":{"loc":{"start":{"line":3,"column":16},"end":{"line":3,"column":30}},"type":"binary-expr","locations":[{"start":{"line":3,"column":16},"end":{"line":3,"column":18}},{"start":{"line":3,"column":16},"end":{"line":3,"column":30}}]}},"s":{"0":1,"1":1,"2":1,"3":3,"4":1,"5":2},"f":{"0":3,"1":2},"b":{"0":[3,1]}}
,"/Users/smile/Coding/vue-study/vitest-vue3/src/components/Demo2/index.vue": {"path":"/Users/smile/Coding/vue-study/vitest-vue3/src/components/Demo2/index.vue","statementMap":{"0":{"start":{"line":16,"column":14},"end":{"line":16,"column":null}},"1":{"start":{"line":27,"column":13},"end":{"line":27,"column":null}},"2":{"start":{"line":27,"column":28},"end":{"line":27,"column":38}},"3":{"start":{"line":29,"column":14},"end":{"line":31,"column":null}},"4":{"start":{"line":30,"column":2},"end":{"line":30,"column":null}},"5":{"start":{"line":3,"column":9},"end":{"line":3,"column":null}}},"fnMap":{"0":{"name":"(anonymous_1)","decl":{"start":{"line":27,"column":22},"end":{"line":27,"column":28}},"loc":{"start":{"line":27,"column":28},"end":{"line":27,"column":38}}},"1":{"name":"(anonymous_2)","decl":{"start":{"line":29,"column":23},"end":{"line":29,"column":29}},"loc":{"start":{"line":29,"column":29},"end":{"line":31,"column":1}}}},"branchMap":{"0":{"loc":{"start":{"line":7,"column":15},"end":{"line":9,"column":10}},"type":"cond-expr","locations":[{"start":{"line":7,"column":15},"end":{"line":9,"column":10}},{"start":{"line":9,"column":4},"end":{"line":9,"column":10}}]}},"s":{"0":2,"1":2,"2":4,"3":2,"4":4,"5":1},"f":{"0":4,"1":4},"b":{"0":[4,0]}}
}
